<?xml version="1.0" encoding="UTF-8"?>
<!-- Generated by org.testng.reporters.JUnitXMLReporter -->
<testsuite hostname="DESKTOP-AF71NMN" name="Default test" tests="10" failures="0" timestamp="26 Oct 2020 14:34:06 GMT" time="0.104" errors="0">
  <testcase name="@BeforeTest initSetUp" time="0.0" classname="com.blaze.tests.TestPurchaseLaptop">
    <failure type="org.testng.TestNGException" message="
Parameter &amp;apos;deviceType&amp;apos; is required by @Configuration on method initSetUp but has not been marked @Optional or defined
in C:\Users\Ankit\AppData\Local\Temp\testng-eclipse-1619543499\testng-customsuite.xml">
      <![CDATA[org.testng.TestNGException: 
Parameter 'deviceType' is required by @Configuration on method initSetUp but has not been marked @Optional or defined
in C:\Users\Ankit\AppData\Local\Temp\testng-eclipse-1619543499\testng-customsuite.xml
	at org.testng.internal.Parameters.createParameters(Parameters.java:154)
	at org.testng.internal.Parameters.createParameters(Parameters.java:361)
	at org.testng.internal.Parameters.createConfigurationParameters(Parameters.java:84)
	at org.testng.internal.Invoker.invokeConfigurations(Invoker.java:201)
	at org.testng.internal.Invoker.invokeConfigurations(Invoker.java:142)
	at org.testng.TestRunner.beforeRun(TestRunner.java:656)
	at org.testng.TestRunner.run(TestRunner.java:624)
	at org.testng.SuiteRunner.runTest(SuiteRunner.java:366)
	at org.testng.SuiteRunner.runSequentially(SuiteRunner.java:361)
	at org.testng.SuiteRunner.privateRun(SuiteRunner.java:319)
	at org.testng.SuiteRunner.run(SuiteRunner.java:268)
	at org.testng.SuiteRunnerWorker.runSuite(SuiteRunnerWorker.java:52)
	at org.testng.SuiteRunnerWorker.run(SuiteRunnerWorker.java:86)
	at org.testng.TestNG.runSuitesSequentially(TestNG.java:1244)
	at org.testng.TestNG.runSuitesLocally(TestNG.java:1169)
	at org.testng.TestNG.run(TestNG.java:1064)
	at org.testng.remote.AbstractRemoteTestNG.run(AbstractRemoteTestNG.java:115)
	at org.testng.remote.RemoteTestNG.initAndRun(RemoteTestNG.java:251)
	at org.testng.remote.RemoteTestNG.main(RemoteTestNG.java:77)
]]>
    </failure>
  </testcase> <!-- @BeforeTest initSetUp -->
  <testcase name="@BeforeTest initConstr" time="0.0" classname="com.blaze.tests.TestPurchaseLaptop">
    <skipped/>
  </testcase> <!-- @BeforeTest initConstr -->
  <testcase name="@AfterTest tearDown" time="0.0" classname="com.blaze.tests.TestPurchaseLaptop">
    <skipped/>
  </testcase> <!-- @AfterTest tearDown -->
  <testcase name="accessDemoBlazeApp" time="0.008" classname="com.blaze.tests.TestPurchaseLaptop">
    <skipped/>
  </testcase> <!-- accessDemoBlazeApp -->
  <testcase name="addingSonyVaioi5LaptopToCart" time="0.004" classname="com.blaze.tests.TestPurchaseLaptop">
    <skipped/>
  </testcase> <!-- addingSonyVaioi5LaptopToCart -->
  <testcase name="addingDelli78GBLatopToCart" time="0.004" classname="com.blaze.tests.TestPurchaseLaptop">
    <skipped/>
  </testcase> <!-- addingDelli78GBLatopToCart -->
  <testcase name="deletingDelli78GBLaptopFromCart" time="0.004" classname="com.blaze.tests.TestPurchaseLaptop">
    <skipped/>
  </testcase> <!-- deletingDelli78GBLaptopFromCart -->
  <testcase name="clickPlaceOrder" time="0.004" classname="com.blaze.tests.TestPurchaseLaptop">
    <skipped/>
  </testcase> <!-- clickPlaceOrder -->
  <testcase name="fillPurchaseForm" time="0.004" classname="com.blaze.tests.TestPurchaseLaptop">
    <skipped/>
  </testcase> <!-- fillPurchaseForm -->
  <testcase name="clickPurchaseForm" time="0.0" classname="com.blaze.tests.TestPurchaseLaptop">
    <skipped/>
  </testcase> <!-- clickPurchaseForm -->
  <testcase name="capturePurchaseIDAndAmount" time="0.0" classname="com.blaze.tests.TestPurchaseLaptop">
    <skipped/>
  </testcase> <!-- capturePurchaseIDAndAmount -->
  <testcase name="assertPurchaseAmountEqualsExpected" time="0.0" classname="com.blaze.tests.TestPurchaseLaptop">
    <skipped/>
  </testcase> <!-- assertPurchaseAmountEqualsExpected -->
  <testcase name="clickedOKButton" time="0.0" classname="com.blaze.tests.TestPurchaseLaptop">
    <skipped/>
  </testcase> <!-- clickedOKButton -->
</testsuite> <!-- Default test -->
