<?xml version="1.0" encoding="UTF-8"?>
<!-- Generated by org.testng.reporters.JUnitXMLReporter -->
<testsuite hostname="DESKTOP-AF71NMN" name="Blaze" tests="10" failures="0" timestamp="27 Oct 2020 04:42:12 GMT" time="42.679" errors="0">
  <testcase name="accessDemoBlazeApp" time="4.857" classname="com.blaze.tests.TestPurchaseLaptop"/>
  <testcase name="addingSonyVaioi5LaptopToCart" time="5.792" classname="com.blaze.tests.TestPurchaseLaptop"/>
  <testcase name="addingDelli78GBLatopToCart" time="8.313" classname="com.blaze.tests.TestPurchaseLaptop"/>
  <testcase name="deletingDelli78GBLaptopFromCart" time="9.69" classname="com.blaze.tests.TestPurchaseLaptop"/>
  <testcase name="clickPlaceOrder" time="0.159" classname="com.blaze.tests.TestPurchaseLaptop"/>
  <testcase name="fillPurchaseForm" time="0.227" classname="com.blaze.tests.TestPurchaseLaptop"/>
  <testcase name="clickPurchaseForm" time="0.13" classname="com.blaze.tests.TestPurchaseLaptop"/>
  <testcase name="capturePurchaseIDAndAmount" time="0.039" classname="com.blaze.tests.TestPurchaseLaptop"/>
  <testcase name="assertPurchaseAmountEqualsExpected" time="0.007" classname="com.blaze.tests.TestPurchaseLaptop"/>
  <testcase name="clickedOKButton" time="0.123" classname="com.blaze.tests.TestPurchaseLaptop"/>
</testsuite> <!-- Blaze -->
