<?xml version="1.0" encoding="UTF-8"?>
<!-- Generated by org.testng.reporters.JUnitReportReporter -->
<testsuite hostname="DESKTOP-AF71NMN" name="com.blaze.tests.TestPurchaseLaptop" tests="10" failures="0" timestamp="27 Oct 2020 04:42:12 GMT" time="29.365" errors="0">
  <testcase name="fillPurchaseForm" time="0.229" classname="com.blaze.tests.TestPurchaseLaptop"/>
  <testcase name="assertPurchaseAmountEqualsExpected" time="0.007" classname="com.blaze.tests.TestPurchaseLaptop"/>
  <testcase name="clickPurchaseForm" time="0.139" classname="com.blaze.tests.TestPurchaseLaptop"/>
  <testcase name="addingSonyVaioi5LaptopToCart" time="5.795" classname="com.blaze.tests.TestPurchaseLaptop"/>
  <testcase name="addingDelli78GBLatopToCart" time="8.322" classname="com.blaze.tests.TestPurchaseLaptop"/>
  <testcase name="clickedOKButton" time="0.124" classname="com.blaze.tests.TestPurchaseLaptop"/>
  <testcase name="accessDemoBlazeApp" time="4.859" classname="com.blaze.tests.TestPurchaseLaptop"/>
  <testcase name="clickPlaceOrder" time="0.159" classname="com.blaze.tests.TestPurchaseLaptop"/>
  <testcase name="deletingDelli78GBLaptopFromCart" time="9.691" classname="com.blaze.tests.TestPurchaseLaptop"/>
  <testcase name="capturePurchaseIDAndAmount" time="0.040" classname="com.blaze.tests.TestPurchaseLaptop"/>
</testsuite> <!-- com.blaze.tests.TestPurchaseLaptop -->
